2026-06-24 18:19:35,741 [INFO] ============================================================
2026-06-24 18:19:35,741 [INFO] Interpol Red Notices Scraper — Starting
2026-06-24 18:19:35,741 [INFO] Output directory : C:\Users\Henrique Lima\Desktop\Repositórios\ia-usp-jailer\data\interpol_criminals
2026-06-24 18:19:35,741 [INFO] Concurrency      : 4 threads
2026-06-24 18:19:35,741 [INFO] Page delay       : 3.00 s
2026-06-24 18:19:35,741 [INFO] ============================================================
2026-06-24 18:19:35,741 [INFO] Loaded 0 existing records from metadata
2026-06-24 18:19:35,741 [INFO] Fetching listing page 1 ...
2026-06-24 18:19:36,146 [INFO] Total notices: 6443  ->  41 pages of up to 160 each
2026-06-24 18:19:36,154 [INFO] Processing 160 notices from page 1/41 ...
2026-06-24 18:19:47,571 [INFO] Page 1/41 done. DB size: 160 records | New images this run: 159
2026-06-24 18:19:50,571 [INFO] Fetching listing page 2/41 ...
2026-06-24 18:19:50,704 [WARNING] Page 2 returned same IDs as page 1 (stale cache). Waiting 15s before retry 1/3 ...
2026-06-24 18:20:05,705 [INFO] Fetching listing page 2/41 ...
2026-06-24 18:20:05,863 [WARNING] Page 2 returned same IDs as page 1 (stale cache). Waiting 30s before retry 2/3 ...
2026-06-24 18:20:35,865 [INFO] Fetching listing page 2/41 ...
2026-06-24 18:20:36,047 [WARNING] Page 2 returned same IDs as page 1 (stale cache). Waiting 45s before retry 3/3 ...
2026-06-24 18:21:21,050 [INFO] Fetching listing page 2/41 ...
2026-06-24 18:21:21,199 [WARNING] Page 2 returned same IDs as page 1 (stale cache). Waiting 60s before retry 4/3 ...
2026-06-24 18:22:21,203 [INFO] Processing 160 notices from page 2/41 ...
2026-06-24 18:22:22,659 [INFO] Page 2/41 done. DB size: 160 records | New images this run: 159
2026-06-24 18:22:25,660 [INFO] Fetching listing page 3/41 ...
2026-06-24 18:22:26,155 [WARNING] Page 3 returned same IDs as page 2 (stale cache). Waiting 15s before retry 1/3 ...
2026-06-24 18:22:41,156 [INFO] Fetching listing page 3/41 ...
2026-06-24 18:22:41,307 [WARNING] Page 3 returned same IDs as page 2 (stale cache). Waiting 30s before retry 2/3 ...
2026-06-24 18:23:11,309 [INFO] Fetching listing page 3/41 ...
2026-06-24 18:23:12,677 [WARNING] Page 3 returned same IDs as page 2 (stale cache). Waiting 45s before retry 3/3 ...
2026-06-24 18:23:57,680 [INFO] Fetching listing page 3/41 ...
2026-06-24 18:23:57,840 [WARNING] Page 3 returned same IDs as page 2 (stale cache). Waiting 60s before retry 4/3 ...
2026-06-24 18:24:43,824 [INFO] ============================================================
2026-06-24 18:24:43,824 [INFO] Interpol Red Notices Scraper — Starting
2026-06-24 18:24:43,824 [INFO] Output directory : C:\Users\Henrique Lima\Desktop\Repositórios\ia-usp-jailer\data\interpol_criminals
2026-06-24 18:24:43,824 [INFO] Concurrency      : 4 threads
2026-06-24 18:24:43,825 [INFO] Page delay       : 3.00 s
2026-06-24 18:24:43,825 [INFO] ============================================================
2026-06-24 18:24:43,826 [INFO] Loaded 160 existing records from metadata
2026-06-24 18:24:43,826 [INFO] Fetching listing page 1 ...
2026-06-24 18:24:44,301 [INFO] Total notices: 6443  ->  41 pages of up to 160 each
2026-06-24 18:24:44,302 [INFO] Processing 160 notices from page 1/41 ...
2026-06-24 18:24:44,436 [INFO] Page 1/41 done. DB size: 160 records | New images this run: 0
2026-06-24 18:24:47,437 [INFO] Fetching listing page 2/41 ...
2026-06-24 18:24:47,606 [WARNING] Page 2 returned same IDs as page 1 (stale cache). Waiting 15s before retry 1/3 ...
2026-06-24 18:24:57,843 [INFO] Processing 160 notices from page 3/41 ...
2026-06-24 18:24:57,926 [INFO] Page 3/41 done. DB size: 160 records | New images this run: 159
2026-06-24 18:25:00,926 [INFO] Reached --max-pages=3. Stopping.
2026-06-24 18:25:00,936 [INFO] ============================================================
2026-06-24 18:25:00,936 [INFO] Scraping complete!
2026-06-24 18:25:00,937 [INFO] Total records in dataset : 160
2026-06-24 18:25:00,937 [INFO] Newly downloaded images  : 159
2026-06-24 18:25:00,937 [INFO] Skipped (already cached) : 320
2026-06-24 18:25:00,937 [INFO] Metadata saved to        : data/interpol_criminals\metadata.json
2026-06-24 18:25:00,938 [INFO] ============================================================
2026-06-24 18:25:02,607 [INFO] Fetching listing page 2/41 ...
2026-06-24 18:25:02,770 [WARNING] Page 2 returned same IDs as page 1 (stale cache). Waiting 30s before retry 2/3 ...
2026-06-24 18:25:32,772 [INFO] Fetching listing page 2/41 ...
2026-06-24 18:25:33,461 [WARNING] Page 2 returned same IDs as page 1 (stale cache). Waiting 45s before retry 3/3 ...
2026-06-24 18:26:03,038 [INFO] ============================================================
2026-06-24 18:26:03,038 [INFO] Interpol Red Notices Scraper — Starting
2026-06-24 18:26:03,038 [INFO] Output directory : C:\Users\Henrique Lima\Desktop\Repositórios\ia-usp-jailer\data\interpol_criminals
2026-06-24 18:26:03,038 [INFO] Concurrency      : 4 threads
2026-06-24 18:26:03,038 [INFO] Page delay       : 2.00 s
2026-06-24 18:26:03,038 [INFO] ============================================================
2026-06-24 18:26:03,038 [INFO] Loaded 0 existing records from metadata
2026-06-24 18:26:03,038 [INFO] Fetching listing page 1 ...
2026-06-24 18:26:03,514 [INFO] Total notices: 6443  ->  323 pages of up to 20 each
2026-06-24 18:26:03,514 [INFO] Processing 20 notices from page 1/323 ...
2026-06-24 18:26:05,008 [INFO] Page 1/323 done. DB size: 20 records | New images this run: 20
2026-06-24 18:26:07,008 [INFO] Fetching listing page 2/323 ...
2026-06-24 18:26:07,407 [INFO] Processing 20 notices from page 2/323 ...
2026-06-24 18:26:08,884 [INFO] Page 2/323 done. DB size: 40 records | New images this run: 40
2026-06-24 18:26:10,884 [INFO] Fetching listing page 3/323 ...
2026-06-24 18:26:11,299 [INFO] Processing 20 notices from page 3/323 ...
2026-06-24 18:26:13,004 [INFO] Page 3/323 done. DB size: 60 records | New images this run: 59
2026-06-24 18:26:15,005 [INFO] Reached --max-pages=3. Stopping.
2026-06-24 18:26:15,006 [INFO] ============================================================
2026-06-24 18:26:15,006 [INFO] Scraping complete!
2026-06-24 18:26:15,006 [INFO] Total records in dataset : 60
2026-06-24 18:26:15,006 [INFO] Newly downloaded images  : 59
2026-06-24 18:26:15,006 [INFO] Skipped (already cached) : 0
2026-06-24 18:26:15,006 [INFO] Metadata saved to        : data/interpol_criminals\metadata.json
2026-06-24 18:26:15,006 [INFO] ============================================================
2026-06-24 18:26:18,463 [INFO] Fetching listing page 2/41 ...
2026-06-24 18:26:18,833 [WARNING] Page 2 returned same IDs as page 1 (stale cache). Waiting 60s before retry 4/3 ...
2026-06-24 18:26:26,799 [INFO] ============================================================
2026-06-24 18:26:26,799 [INFO] Interpol Red Notices Scraper — Starting
2026-06-24 18:26:26,799 [INFO] Output directory : C:\Users\Henrique Lima\Desktop\Repositórios\ia-usp-jailer\data\interpol_criminals
2026-06-24 18:26:26,799 [INFO] Concurrency      : 4 threads
2026-06-24 18:26:26,799 [INFO] Page delay       : 2.00 s
2026-06-24 18:26:26,799 [INFO] ============================================================
2026-06-24 18:26:26,800 [INFO] Loaded 60 existing records from metadata
2026-06-24 18:26:26,800 [INFO] Fetching listing page 1 ...
2026-06-24 18:26:27,201 [INFO] Total notices: 6443  ->  323 pages of up to 20 each
2026-06-24 18:26:27,201 [INFO] Processing 20 notices from page 1/323 ...
2026-06-24 18:26:27,230 [INFO] Page 1/323 done. DB size: 60 records | New images this run: 0
2026-06-24 18:26:29,231 [INFO] Fetching listing page 2/323 ...
2026-06-24 18:26:29,629 [INFO] Processing 20 notices from page 2/323 ...
2026-06-24 18:26:29,649 [INFO] Page 2/323 done. DB size: 60 records | New images this run: 0
2026-06-24 18:26:31,650 [INFO] Fetching listing page 3/323 ...
2026-06-24 18:26:31,951 [INFO] Processing 20 notices from page 3/323 ...
2026-06-24 18:26:31,967 [INFO] Page 3/323 done. DB size: 60 records | New images this run: 0
2026-06-24 18:26:33,968 [INFO] Fetching listing page 4/323 ...
2026-06-24 18:26:34,328 [INFO] Processing 20 notices from page 4/323 ...
2026-06-24 18:26:35,997 [INFO] Page 4/323 done. DB size: 80 records | New images this run: 20
2026-06-24 18:26:37,998 [INFO] Fetching listing page 5/323 ...
2026-06-24 18:26:38,357 [INFO] Processing 20 notices from page 5/323 ...
2026-06-24 18:26:39,861 [INFO] Page 5/323 done. DB size: 100 records | New images this run: 40
2026-06-24 18:26:41,862 [INFO] Fetching listing page 6/323 ...
2026-06-24 18:26:42,231 [INFO] Processing 20 notices from page 6/323 ...
2026-06-24 18:26:44,721 [INFO] Page 6/323 done. DB size: 120 records | New images this run: 60
2026-06-24 18:26:46,722 [INFO] Fetching listing page 7/323 ...
2026-06-24 18:26:47,141 [INFO] Processing 20 notices from page 7/323 ...
2026-06-24 18:26:48,707 [INFO] Page 7/323 done. DB size: 140 records | New images this run: 80
2026-06-24 18:26:50,707 [INFO] Fetching listing page 8/323 ...
2026-06-24 18:26:51,221 [INFO] Processing 20 notices from page 8/323 ...
2026-06-24 18:26:53,581 [INFO] Page 8/323 done. DB size: 160 records | New images this run: 100
2026-06-24 18:26:55,582 [INFO] Fetching listing page 9/323 ...
2026-06-24 18:26:55,950 [WARNING] Page 9 returned same IDs as page 8 (stale cache). Waiting 15s before retry 1/3 ...
2026-06-24 18:27:10,950 [INFO] Fetching listing page 9/323 ...
2026-06-24 18:27:11,064 [WARNING] Page 9 returned same IDs as page 8 (stale cache). Waiting 30s before retry 2/3 ...
2026-06-24 18:27:18,836 [INFO] Processing 160 notices from page 2/41 ...
2026-06-24 18:27:18,934 [INFO] Page 2/41 done. DB size: 160 records | New images this run: 0
2026-06-24 18:27:21,935 [INFO] Fetching listing page 3/41 ...
2026-06-24 18:27:22,198 [WARNING] Page 3 returned same IDs as page 2 (stale cache). Waiting 15s before retry 1/3 ...
2026-06-24 18:27:37,199 [INFO] Fetching listing page 3/41 ...
2026-06-24 18:27:37,391 [WARNING] Page 3 returned same IDs as page 2 (stale cache). Waiting 30s before retry 2/3 ...
2026-06-24 18:27:41,065 [INFO] Fetching listing page 9/323 ...
2026-06-24 18:27:41,360 [WARNING] Page 9 returned same IDs as page 8 (stale cache). Waiting 45s before retry 3/3 ...
2026-06-24 18:28:07,393 [INFO] Fetching listing page 3/41 ...
2026-06-24 18:28:07,544 [WARNING] Page 3 returned same IDs as page 2 (stale cache). Waiting 45s before retry 3/3 ...
2026-06-24 18:28:52,546 [INFO] Fetching listing page 3/41 ...
2026-06-24 18:28:52,692 [WARNING] Page 3 returned same IDs as page 2 (stale cache). Waiting 60s before retry 4/3 ...
2026-06-24 18:29:26,242 [INFO] ============================================================
2026-06-24 18:29:26,242 [INFO] Interpol Red Notices Scraper — Starting
2026-06-24 18:29:26,242 [INFO] Output directory : C:\Users\Henrique Lima\Desktop\Repositórios\ia-usp-jailer\data\interpol_criminals
2026-06-24 18:29:26,242 [INFO] Concurrency      : 4 threads
2026-06-24 18:29:26,242 [INFO] Page delay       : 5.00 s
2026-06-24 18:29:26,242 [INFO] ============================================================
2026-06-24 18:29:26,243 [INFO] Loaded 160 existing records from metadata
2026-06-24 18:29:26,243 [INFO] Fetching listing page 1 ...
2026-06-24 18:29:26,370 [INFO] Total notices: 6443  ->  323 pages of up to 20 each
2026-06-24 18:29:26,370 [INFO] Processing 20 notices from page 1/323 ...
2026-06-24 18:29:26,405 [INFO] Page 1/323 done. DB size: 160 records | New images this run: 0
2026-06-24 18:29:31,781 [INFO] Fetching listing page 2/323 ...
2026-06-24 18:29:31,911 [INFO] Processing 20 notices from page 2/323 ...
2026-06-24 18:29:31,945 [INFO] Page 2/323 done. DB size: 160 records | New images this run: 0
2026-06-24 18:29:37,210 [INFO] Fetching listing page 3/323 ...
2026-06-24 18:29:37,316 [INFO] Processing 20 notices from page 3/323 ...
2026-06-24 18:29:38,804 [INFO] Page 3/323 done. DB size: 160 records | New images this run: 0
2026-06-24 18:29:44,181 [INFO] Fetching listing page 4/323 ...
2026-06-24 18:29:44,503 [INFO] Processing 20 notices from page 4/323 ...
2026-06-24 18:29:44,527 [INFO] Page 4/323 done. DB size: 160 records | New images this run: 0
2026-06-24 18:29:50,471 [INFO] Fetching listing page 5/323 ...
2026-06-24 18:29:50,785 [INFO] Processing 20 notices from page 5/323 ...
2026-06-24 18:29:50,812 [INFO] Page 5/323 done. DB size: 160 records | New images this run: 0
2026-06-24 18:29:52,694 [INFO] Processing 160 notices from page 3/41 ...
2026-06-24 18:29:52,811 [INFO] Page 3/41 done. DB size: 160 records | New images this run: 0
2026-06-24 18:29:55,812 [INFO] Fetching listing page 4/41 ...
2026-06-24 18:29:56,308 [WARNING] Page 4 returned same IDs as page 3 (stale cache). Waiting 15s before retry 1/3 ...
2026-06-24 18:29:56,528 [INFO] Fetching listing page 6/323 ...
2026-06-24 18:29:56,877 [INFO] Processing 20 notices from page 6/323 ...
2026-06-24 18:29:56,897 [INFO] Page 6/323 done. DB size: 160 records | New images this run: 0
2026-06-24 18:30:02,837 [INFO] Fetching listing page 7/323 ...
2026-06-24 18:30:02,948 [INFO] Processing 20 notices from page 7/323 ...
2026-06-24 18:30:02,973 [INFO] Page 7/323 done. DB size: 160 records | New images this run: 0
2026-06-24 18:30:08,537 [INFO] Fetching listing page 8/323 ...
2026-06-24 18:30:08,657 [INFO] Processing 20 notices from page 8/323 ...
2026-06-24 18:30:08,677 [INFO] Page 8/323 done. DB size: 160 records | New images this run: 0
2026-06-24 18:30:11,309 [INFO] Fetching listing page 4/41 ...
2026-06-24 18:30:11,462 [WARNING] Page 4 returned same IDs as page 3 (stale cache). Waiting 30s before retry 2/3 ...
2026-06-24 18:30:14,320 [INFO] Fetching listing page 9/323 ...
2026-06-24 18:30:14,444 [WARNING] Page 9 returned same IDs as page 8 (stale cache). Waiting 60s before retry 1/3 ...
2026-06-24 18:30:41,464 [INFO] Fetching listing page 4/41 ...
2026-06-24 18:30:41,663 [WARNING] Page 4 returned same IDs as page 3 (stale cache). Waiting 45s before retry 3/3 ...
2026-06-24 18:31:14,447 [INFO] Fetching listing page 9/323 ...
2026-06-24 18:31:14,620 [WARNING] Page 9 returned same IDs as page 8 (stale cache). Waiting 120s before retry 2/3 ...
2026-06-24 18:31:26,666 [INFO] Fetching listing page 4/41 ...
2026-06-24 18:31:26,841 [WARNING] Page 4 returned same IDs as page 3 (stale cache). Waiting 60s before retry 4/3 ...
2026-06-24 18:32:26,843 [INFO] Processing 160 notices from page 4/41 ...
2026-06-24 18:32:26,933 [INFO] Page 4/41 done. DB size: 160 records | New images this run: 0
2026-06-24 18:32:29,934 [INFO] Fetching listing page 5/41 ...
2026-06-24 18:32:30,283 [WARNING] Page 5 returned same IDs as page 4 (stale cache). Waiting 15s before retry 1/3 ...
2026-06-24 18:32:45,284 [INFO] Fetching listing page 5/41 ...
2026-06-24 18:32:45,433 [WARNING] Page 5 returned same IDs as page 4 (stale cache). Waiting 30s before retry 2/3 ...
2026-06-24 18:33:14,624 [INFO] Fetching listing page 9/323 ...
2026-06-24 18:33:15,047 [WARNING] Page 9 returned same IDs as page 8 (stale cache). Waiting 180s before retry 3/3 ...
2026-06-24 18:33:15,436 [INFO] Fetching listing page 5/41 ...
2026-06-24 18:33:15,564 [WARNING] Page 5 returned same IDs as page 4 (stale cache). Waiting 45s before retry 3/3 ...
2026-06-24 18:33:37,946 [INFO] ============================================================
2026-06-24 18:33:37,946 [INFO] Interpol Red Notices Scraper — Starting
2026-06-24 18:33:37,946 [INFO] Output directory : C:\Users\Henrique Lima\Desktop\Repositórios\ia-usp-jailer\data\interpol_criminals
2026-06-24 18:33:37,946 [INFO] Concurrency      : 4 threads
2026-06-24 18:33:37,947 [INFO] Page delay       : 3.00 s
2026-06-24 18:33:37,947 [INFO] ============================================================
2026-06-24 18:33:37,948 [INFO] Loaded 160 existing records from metadata
2026-06-24 18:33:37,948 [INFO] Fetching listing page 1 ...
2026-06-24 18:33:38,101 [INFO] Total notices: 6443  ->  323 pages of up to 20 each
2026-06-24 18:33:38,102 [INFO] Processing 20 notices from page 1/323 ...
2026-06-24 18:33:38,153 [INFO] Page 1/323 done. DB size: 160 records | New images this run: 0
2026-06-24 18:33:41,346 [INFO] Fetching listing page 2/323 ...
2026-06-24 18:33:41,435 [INFO] Processing 20 notices from page 2/323 ...
2026-06-24 18:33:41,453 [INFO] Page 2/323 done. DB size: 160 records | New images this run: 0
2026-06-24 18:33:44,947 [INFO] Fetching listing page 3/323 ...
2026-06-24 18:33:45,061 [INFO] Processing 20 notices from page 3/323 ...
2026-06-24 18:33:45,077 [INFO] Page 3/323 done. DB size: 160 records | New images this run: 0
2026-06-24 18:33:48,331 [INFO] Fetching listing page 4/323 ...
2026-06-24 18:33:48,823 [INFO] Processing 20 notices from page 4/323 ...
2026-06-24 18:33:48,842 [INFO] Page 4/323 done. DB size: 160 records | New images this run: 0
2026-06-24 18:33:51,126 [INFO] Fetching listing page 5/323 ...
2026-06-24 18:33:51,503 [INFO] Processing 20 notices from page 5/323 ...
2026-06-24 18:33:51,521 [INFO] Page 5/323 done. DB size: 160 records | New images this run: 0
2026-06-24 18:33:54,495 [INFO] Fetching listing page 6/323 ...
2026-06-24 18:33:54,882 [INFO] Processing 20 notices from page 6/323 ...
2026-06-24 18:33:54,901 [INFO] Page 6/323 done. DB size: 160 records | New images this run: 0
2026-06-24 18:33:58,648 [INFO] Fetching listing page 7/323 ...
2026-06-24 18:33:58,979 [INFO] Processing 20 notices from page 7/323 ...
2026-06-24 18:33:59,000 [INFO] Page 7/323 done. DB size: 160 records | New images this run: 0
2026-06-24 18:34:01,840 [INFO] Fetching listing page 8/323 ...
2026-06-24 18:34:02,192 [INFO] Processing 20 notices from page 8/323 ...
2026-06-24 18:34:02,216 [INFO] Page 8/323 done. DB size: 160 records | New images this run: 0
2026-06-24 18:34:04,569 [INFO] Fetching listing page 9/323 ...
2026-06-24 18:34:04,874 [WARNING] Page 9 returned same IDs as page 8 (stale cache). Waiting 60s before retry 1/3 ...
2026-06-24 18:35:04,876 [INFO] Fetching listing page 9/323 ...
2026-06-24 18:35:05,055 [WARNING] Page 9 returned same IDs as page 8 (stale cache). Waiting 120s before retry 2/3 ...
2026-06-24 18:36:15,053 [INFO] Fetching listing page 9/323 ...
2026-06-24 18:36:15,207 [ERROR] Page 9 is persistently stale after 3 retries. The API may be caching this page size. Stopping.
2026-06-24 18:36:15,207 [INFO] ============================================================
2026-06-24 18:36:15,207 [INFO] Scraping complete!
2026-06-24 18:36:15,207 [INFO] Total records in dataset : 160
2026-06-24 18:36:15,209 [INFO] Newly downloaded images  : 0
2026-06-24 18:36:15,209 [INFO] Skipped (already cached) : 160
2026-06-24 18:36:15,209 [INFO] Metadata saved to        : data/interpol_criminals\metadata.json
2026-06-24 18:36:15,209 [INFO] ============================================================
2026-06-24 18:37:05,060 [INFO] Fetching listing page 9/323 ...
2026-06-24 18:37:05,177 [WARNING] Page 9 returned same IDs as page 8 (stale cache). Waiting 180s before retry 3/3 ...
