2026-06-24 19:48:09,331 [INFO] Starting Disque Denuncia RJ scraper
2026-06-24 19:48:09,332 [INFO] Output directory: C:\Users\marco\OneDrive\Área de Trabalho\are-you-a-criminal-ML-main\data\disque_denuncia_criminals
2026-06-24 19:48:09,332 [INFO] Robots check: robots.txt check failed; proceeding conservatively: <urlopen error [WinError 10013] Foi feita uma tentativa de acesso a um soquete de uma maneira que é proibida pelas permissões de acesso>
2026-06-24 19:48:32,239 [INFO] Starting Disque Denuncia RJ scraper
2026-06-24 19:48:32,240 [INFO] Output directory: C:\Users\marco\OneDrive\Área de Trabalho\are-you-a-criminal-ML-main\data\disque_denuncia_criminals
2026-06-24 19:48:32,240 [INFO] Robots check: robots.txt not published; proceeding with conservative rate limits.
2026-06-24 19:48:38,337 [INFO] Discovered 1 listing records selected for processing
2026-06-24 19:48:39,697 [WARNING] Failed to download image for 4213 (https://www.procurados.org.br/uploaded/arquivos/23_6_2026__0_Captura de tela 2026-06-23 142751.png): HttpClient.get() got an unexpected keyword argument 'stream'
2026-06-24 19:48:39,697 [WARNING] Failed to download image for 4213 (https://www.procurados.org.br/uploaded/arquivos/23_6_2026__0_1.png): HttpClient.get() got an unexpected keyword argument 'stream'
2026-06-24 19:48:39,713 [INFO] Scraping complete
2026-06-24 19:48:39,713 [INFO] Records in metadata: 1
2026-06-24 19:48:39,713 [INFO] Total local images: 0
2026-06-24 19:48:39,713 [INFO] HTML view: data/disque_denuncia_criminals\index.html
2026-06-24 19:48:39,713 [WARNING] Failures recorded: 2
2026-06-24 19:48:56,740 [INFO] Starting Disque Denuncia RJ scraper
2026-06-24 19:48:56,740 [INFO] Output directory: C:\Users\marco\OneDrive\Área de Trabalho\are-you-a-criminal-ML-main\data\disque_denuncia_criminals
2026-06-24 19:48:56,740 [INFO] Robots check: robots.txt not published; proceeding with conservative rate limits.
2026-06-24 19:49:00,292 [INFO] Discovered 1 listing records selected for processing
2026-06-24 19:49:02,737 [WARNING] Failed to download image for 4213 (https://www.procurados.org.br/uploaded/arquivos/23_6_2026__0_Captura de tela 2026-06-23 142751.png): URL can't contain control characters. '/uploaded/arquivos/23_6_2026__0_Captura de tela 2026-06-23 142751.png' (found at least ' ')
2026-06-24 19:49:25,613 [INFO] Scraping complete
2026-06-24 19:49:25,613 [INFO] Records in metadata: 1
2026-06-24 19:49:25,613 [INFO] Total local images: 1
2026-06-24 19:49:25,613 [INFO] HTML view: data/disque_denuncia_criminals\index.html
2026-06-24 19:49:25,613 [WARNING] Failures recorded: 1
2026-06-24 19:50:17,444 [INFO] Starting Disque Denuncia RJ scraper
2026-06-24 19:50:17,444 [INFO] Output directory: C:\Users\marco\OneDrive\Área de Trabalho\are-you-a-criminal-ML-main\data\disque_denuncia_criminals
2026-06-24 19:50:17,444 [INFO] Robots check: robots.txt not published; proceeding with conservative rate limits.
2026-06-24 19:50:24,139 [INFO] Discovered 1 listing records selected for processing
2026-06-24 19:50:28,312 [INFO] Scraping complete
2026-06-24 19:50:28,312 [INFO] Records in metadata: 1
2026-06-24 19:50:28,312 [INFO] Total local images: 2
2026-06-24 19:50:28,312 [INFO] HTML view: data/disque_denuncia_criminals\index.html
2026-06-24 19:53:24,887 [INFO] Starting Disque Denuncia RJ scraper
2026-06-24 19:53:24,887 [INFO] Output directory: C:\Users\marco\OneDrive\Área de Trabalho\are-you-a-criminal-ML-main\data\disque_denuncia_criminals
2026-06-24 19:53:24,887 [INFO] Robots check: robots.txt not published; proceeding with conservative rate limits.
2026-06-24 19:53:33,734 [INFO] Discovered 189 listing records selected for processing
2026-06-24 19:53:42,588 [WARNING] Failed to download image for 4212 (https://www.procurados.org.br/uploaded/arquivos/): HTTP Error 403: Forbidden
2026-06-24 19:58:42,163 [INFO] Starting Disque Denuncia RJ scraper
2026-06-24 19:58:42,163 [INFO] Output directory: C:\Users\marco\OneDrive\Área de Trabalho\are-you-a-criminal-ML-main\data\disque_denuncia_criminals
2026-06-24 19:58:42,163 [INFO] Robots check: robots.txt not published; proceeding with conservative rate limits.
2026-06-24 19:59:07,419 [INFO] Discovered 1 listing records selected for processing
2026-06-24 19:59:08,439 [DEBUG] Skipping poster/cartaz for record 4213: https://www.procurados.org.br/uploaded/arquivos/23_6_2026__0_1.png
2026-06-24 19:59:08,453 [INFO] Scraping complete
2026-06-24 19:59:08,453 [INFO] Records in metadata: 10
2026-06-24 19:59:08,453 [INFO] Total local images: 10
2026-06-24 19:59:08,453 [INFO] HTML view: data/disque_denuncia_criminals\index.html
2026-06-24 20:00:52,428 [INFO] Starting Disque Denuncia RJ scraper
2026-06-24 20:00:52,428 [INFO] Output directory: C:\Users\marco\OneDrive\Área de Trabalho\are-you-a-criminal-ML-main\data\disque_denuncia_criminals
2026-06-24 20:00:52,428 [INFO] Robots check: robots.txt not published; proceeding with conservative rate limits.
2026-06-24 20:00:55,530 [INFO] Discovered 1 listing records selected for processing
2026-06-24 20:00:56,258 [INFO] Scraping complete
2026-06-24 20:00:56,258 [INFO] Records in metadata: 12
2026-06-24 20:00:56,258 [INFO] Total local images: 12
2026-06-24 20:00:56,258 [INFO] HTML view: data/disque_denuncia_criminals\index.html
2026-06-24 20:03:42,872 [INFO] Starting Disque Denuncia RJ scraper
2026-06-24 20:03:42,872 [INFO] Output directory: C:\Users\marco\OneDrive\Área de Trabalho\are-you-a-criminal-ML-main\data\disque_denuncia_criminals
2026-06-24 20:03:42,872 [INFO] Robots check: robots.txt not published; proceeding with conservative rate limits.
2026-06-24 20:03:47,259 [INFO] Discovered 189 listing records selected for processing
2026-06-24 20:13:59,497 [WARNING] Failed to download image for 4014 (https://www.procurados.org.br/uploaded/arquivos/26_3_2025__0_430d2ed7-016f-41fd-9b35-b9fa674800dc (1).jfif): Unexpected content type for https://www.procurados.org.br/uploaded/arquivos/26_3_2025__0_430d2ed7-016f-41fd-9b35-b9fa674800dc (1).jfif: unknown
2026-06-24 20:15:47,647 [INFO] Scraping complete
2026-06-24 20:15:47,647 [INFO] Records in metadata: 189
2026-06-24 20:15:47,647 [INFO] Total local images: 188
2026-06-24 20:15:47,647 [INFO] HTML view: data/disque_denuncia_criminals\index.html
2026-06-24 20:15:47,647 [WARNING] Failures recorded: 1
