2026-06-24 16:43:22,328 [INFO] Starting FBI Wanted Criminals Image Scraper
2026-06-24 16:43:22,328 [INFO] Output directory: data/fbi_criminals
2026-06-24 16:43:22,328 [INFO] Concurrency level: 5
2026-06-24 16:43:22,328 [INFO] Loaded existing metadata records: 0
2026-06-24 16:43:22,328 [INFO] Fetching page 1 from FBI API...
2026-06-24 16:43:22,710 [INFO] Total criminal records found in API: 1191
2026-06-24 16:43:22,710 [INFO] Processing 20 items from page 1...
2026-06-24 16:43:27,070 [WARNING] Failed to download image https://www.fbi.gov/wanted/most-wanted-fraudsters/julieanne-baldueza-dimitrion/dimitrionjulie2.jpg: 404 Client Error: Not Found for url: https://www.fbi.gov/wanted/most-wanted-fraudsters/julieanne-baldueza-dimitrion/dimitrionjulie2.jpg
2026-06-24 16:43:27,722 [WARNING] Failed to download image https://www.fbi.gov/wanted/most-wanted-fraudsters/julieanne-baldueza-dimitrion/dimitrionjulie1.jpg: 404 Client Error: Not Found for url: https://www.fbi.gov/wanted/most-wanted-fraudsters/julieanne-baldueza-dimitrion/dimitrionjulie1.jpg
2026-06-24 16:43:28,417 [WARNING] Failed to download image https://www.fbi.gov/wanted/most-wanted-fraudsters/julieanne-baldueza-dimitrion/dimitrionduo1.jpg: 404 Client Error: Not Found for url: https://www.fbi.gov/wanted/most-wanted-fraudsters/julieanne-baldueza-dimitrion/dimitrionduo1.jpg
2026-06-24 16:43:28,964 [WARNING] Failed to download image https://www.fbi.gov/wanted/most-wanted-fraudsters/julieanne-baldueza-dimitrion/dimitrionduo2.jpg: 404 Client Error: Not Found for url: https://www.fbi.gov/wanted/most-wanted-fraudsters/julieanne-baldueza-dimitrion/dimitrionduo2.jpg
2026-06-24 16:43:29,485 [WARNING] Failed to download image https://www.fbi.gov/wanted/most-wanted-fraudsters/julieanne-baldueza-dimitrion/dimitrionduo3.jpg: 404 Client Error: Not Found for url: https://www.fbi.gov/wanted/most-wanted-fraudsters/julieanne-baldueza-dimitrion/dimitrionduo3.jpg
2026-06-24 16:43:44,563 [INFO] Finished page 1. Current total database records: 20
2026-06-24 16:43:44,764 [INFO] Fetching page 2 from FBI API...
2026-06-24 16:43:44,974 [INFO] Processing 20 items from page 2...
2026-06-24 16:43:45,762 [WARNING] Failed to download image https://www.fbi.gov/wanted/most-wanted-fraudsters/elaine-angene-escoe/escoe2.jpg: 404 Client Error: Not Found for url: https://www.fbi.gov/wanted/most-wanted-fraudsters/elaine-angene-escoe/escoe2.jpg
2026-06-24 16:43:53,475 [INFO] Finished page 2. Current total database records: 40
2026-06-24 16:43:53,676 [INFO] Reached max pages limit of 2. Stopping.
2026-06-24 16:43:53,676 [INFO] ========================================
2026-06-24 16:43:53,677 [INFO] Scraping Process Completed!
2026-06-24 16:43:53,677 [INFO] Total processed records in this run: 40
2026-06-24 16:43:53,677 [INFO] Skipped records (already fully scraped): 0
2026-06-24 16:43:53,677 [INFO] Newly downloaded images: 92
2026-06-24 16:43:53,677 [INFO] Total records in dataset: 40
2026-06-24 16:43:53,677 [INFO] Metadata file updated at: data/fbi_criminals\metadata.json
2026-06-24 16:43:53,677 [INFO] ========================================
2026-06-24 16:44:04,471 [INFO] Starting FBI Wanted Criminals Image Scraper
2026-06-24 16:44:04,471 [INFO] Output directory: data/fbi_criminals
2026-06-24 16:44:04,471 [INFO] Concurrency level: 15
2026-06-24 16:44:04,472 [INFO] Loaded existing metadata records: 40
2026-06-24 16:44:04,473 [INFO] Fetching page 1 from FBI API...
2026-06-24 16:44:04,879 [INFO] Total criminal records found in API: 1191
2026-06-24 16:44:04,879 [INFO] Processing 20 items from page 1...
2026-06-24 16:44:05,268 [WARNING] Failed to download image https://www.fbi.gov/wanted/most-wanted-fraudsters/julieanne-baldueza-dimitrion/dimitrionjulie2.jpg: 404 Client Error: Not Found for url: https://www.fbi.gov/wanted/most-wanted-fraudsters/julieanne-baldueza-dimitrion/dimitrionjulie2.jpg
2026-06-24 16:44:05,601 [WARNING] Failed to download image https://www.fbi.gov/wanted/most-wanted-fraudsters/julieanne-baldueza-dimitrion/dimitrionjulie1.jpg: 404 Client Error: Not Found for url: https://www.fbi.gov/wanted/most-wanted-fraudsters/julieanne-baldueza-dimitrion/dimitrionjulie1.jpg
2026-06-24 16:44:05,942 [WARNING] Failed to download image https://www.fbi.gov/wanted/most-wanted-fraudsters/julieanne-baldueza-dimitrion/dimitrionduo1.jpg: 404 Client Error: Not Found for url: https://www.fbi.gov/wanted/most-wanted-fraudsters/julieanne-baldueza-dimitrion/dimitrionduo1.jpg
2026-06-24 16:44:06,293 [WARNING] Failed to download image https://www.fbi.gov/wanted/most-wanted-fraudsters/julieanne-baldueza-dimitrion/dimitrionduo2.jpg: 404 Client Error: Not Found for url: https://www.fbi.gov/wanted/most-wanted-fraudsters/julieanne-baldueza-dimitrion/dimitrionduo2.jpg
2026-06-24 16:44:06,696 [WARNING] Failed to download image https://www.fbi.gov/wanted/most-wanted-fraudsters/julieanne-baldueza-dimitrion/dimitrionduo3.jpg: 404 Client Error: Not Found for url: https://www.fbi.gov/wanted/most-wanted-fraudsters/julieanne-baldueza-dimitrion/dimitrionduo3.jpg
2026-06-24 16:44:06,702 [INFO] Finished page 1. Current total database records: 40
2026-06-24 16:44:06,803 [INFO] Fetching page 2 from FBI API...
2026-06-24 16:44:06,834 [INFO] Processing 20 items from page 2...
2026-06-24 16:44:07,346 [WARNING] Failed to download image https://www.fbi.gov/wanted/most-wanted-fraudsters/elaine-angene-escoe/escoe2.jpg: 404 Client Error: Not Found for url: https://www.fbi.gov/wanted/most-wanted-fraudsters/elaine-angene-escoe/escoe2.jpg
2026-06-24 16:44:07,360 [INFO] Finished page 2. Current total database records: 40
2026-06-24 16:44:07,460 [INFO] Fetching page 3 from FBI API...
2026-06-24 16:44:07,649 [INFO] Processing 20 items from page 3...
2026-06-24 16:44:19,697 [INFO] Finished page 3. Current total database records: 60
2026-06-24 16:44:19,798 [INFO] Fetching page 4 from FBI API...
2026-06-24 16:44:20,092 [INFO] Processing 20 items from page 4...
2026-06-24 16:45:03,979 [INFO] Finished page 4. Current total database records: 80
2026-06-24 16:45:04,080 [INFO] Fetching page 5 from FBI API...
2026-06-24 16:45:04,390 [INFO] Processing 20 items from page 5...
2026-06-24 16:45:14,015 [INFO] Finished page 5. Current total database records: 100
2026-06-24 16:45:14,116 [INFO] Fetching page 6 from FBI API...
2026-06-24 16:45:14,321 [INFO] Processing 20 items from page 6...
2026-06-24 16:45:25,107 [INFO] Finished page 6. Current total database records: 120
2026-06-24 16:45:25,207 [INFO] Fetching page 7 from FBI API...
2026-06-24 16:45:25,458 [INFO] Processing 20 items from page 7...
2026-06-24 16:45:40,998 [INFO] Finished page 7. Current total database records: 140
2026-06-24 16:45:41,098 [INFO] Fetching page 8 from FBI API...
2026-06-24 16:45:41,368 [INFO] Processing 20 items from page 8...
2026-06-24 16:45:42,107 [WARNING] Failed to download image https://www.fbi.gov/wanted/seeking-info/tneya-tovar/tovar7.jpg: 404 Client Error: Not Found for url: https://www.fbi.gov/wanted/seeking-info/tneya-tovar/tovar7.jpg
2026-06-24 16:45:43,048 [WARNING] Failed to download image https://www.fbi.gov/wanted/seeking-info/tneya-tovar/tovar5.jpg: 404 Client Error: Not Found for url: https://www.fbi.gov/wanted/seeking-info/tneya-tovar/tovar5.jpg
2026-06-24 16:45:45,397 [WARNING] Failed to download image https://www.fbi.gov/wanted/seeking-info/tneya-tovar/tovar9.jpg: 404 Client Error: Not Found for url: https://www.fbi.gov/wanted/seeking-info/tneya-tovar/tovar9.jpg
2026-06-24 16:45:47,180 [WARNING] Failed to download image https://www.fbi.gov/wanted/seeking-info/tneya-tovar/tovar2.jpg: 404 Client Error: Not Found for url: https://www.fbi.gov/wanted/seeking-info/tneya-tovar/tovar2.jpg
2026-06-24 16:45:49,137 [WARNING] Failed to download image https://www.fbi.gov/wanted/seeking-info/tneya-tovar/tovar3.jpg: 404 Client Error: Not Found for url: https://www.fbi.gov/wanted/seeking-info/tneya-tovar/tovar3.jpg
2026-06-24 16:45:55,318 [WARNING] Failed to download image https://www.fbi.gov/wanted/seeking-info/tneya-tovar/tovar4.jpg: 404 Client Error: Not Found for url: https://www.fbi.gov/wanted/seeking-info/tneya-tovar/tovar4.jpg
2026-06-24 16:45:55,656 [WARNING] Failed to download image https://www.fbi.gov/wanted/seeking-info/tneya-tovar/tovar6.jpg: 404 Client Error: Not Found for url: https://www.fbi.gov/wanted/seeking-info/tneya-tovar/tovar6.jpg
2026-06-24 16:45:56,215 [WARNING] Failed to download image https://www.fbi.gov/wanted/seeking-info/tneya-tovar/tovar8.jpg: 404 Client Error: Not Found for url: https://www.fbi.gov/wanted/seeking-info/tneya-tovar/tovar8.jpg
2026-06-24 16:45:56,232 [INFO] Finished page 8. Current total database records: 160
2026-06-24 16:45:56,333 [INFO] Fetching page 9 from FBI API...
2026-06-24 16:45:56,525 [INFO] Processing 20 items from page 9...
2026-06-24 16:46:06,621 [INFO] Finished page 9. Current total database records: 180
2026-06-24 16:46:06,722 [INFO] Fetching page 10 from FBI API...
2026-06-24 16:46:06,929 [INFO] Processing 20 items from page 10...
2026-06-24 16:46:18,676 [INFO] Finished page 10. Current total database records: 200
2026-06-24 16:46:18,777 [INFO] Fetching page 11 from FBI API...
2026-06-24 16:46:18,994 [INFO] Processing 20 items from page 11...
2026-06-24 16:46:36,335 [INFO] Starting FBI Wanted Criminals Image Scraper
2026-06-24 16:46:36,335 [INFO] Output directory: data/fbi_criminals
2026-06-24 16:46:36,335 [INFO] Concurrency level: 15
2026-06-24 16:46:36,339 [INFO] Loaded existing metadata records: 200
2026-06-24 16:46:36,339 [INFO] Fetching page 1 from FBI API...
2026-06-24 16:46:36,736 [INFO] Total criminal records found in API: 1191
2026-06-24 16:46:36,736 [INFO] Processing 20 items from page 1...
2026-06-24 16:46:37,303 [WARNING] Failed to download image https://www.fbi.gov/wanted/most-wanted-fraudsters/julieanne-baldueza-dimitrion/dimitrionjulie2.jpg: 404 Client Error: Not Found for url: https://www.fbi.gov/wanted/most-wanted-fraudsters/julieanne-baldueza-dimitrion/dimitrionjulie2.jpg
2026-06-24 16:46:37,771 [WARNING] Failed to download image https://www.fbi.gov/wanted/most-wanted-fraudsters/julieanne-baldueza-dimitrion/dimitrionjulie1.jpg: 404 Client Error: Not Found for url: https://www.fbi.gov/wanted/most-wanted-fraudsters/julieanne-baldueza-dimitrion/dimitrionjulie1.jpg
2026-06-24 16:46:38,275 [WARNING] Failed to download image https://www.fbi.gov/wanted/most-wanted-fraudsters/julieanne-baldueza-dimitrion/dimitrionduo1.jpg: 404 Client Error: Not Found for url: https://www.fbi.gov/wanted/most-wanted-fraudsters/julieanne-baldueza-dimitrion/dimitrionduo1.jpg
2026-06-24 16:46:38,744 [WARNING] Failed to download image https://www.fbi.gov/wanted/most-wanted-fraudsters/julieanne-baldueza-dimitrion/dimitrionduo2.jpg: 404 Client Error: Not Found for url: https://www.fbi.gov/wanted/most-wanted-fraudsters/julieanne-baldueza-dimitrion/dimitrionduo2.jpg
2026-06-24 16:46:39,116 [WARNING] Failed to download image https://www.fbi.gov/wanted/most-wanted-fraudsters/julieanne-baldueza-dimitrion/dimitrionduo3.jpg: 404 Client Error: Not Found for url: https://www.fbi.gov/wanted/most-wanted-fraudsters/julieanne-baldueza-dimitrion/dimitrionduo3.jpg
2026-06-24 16:46:39,145 [INFO] Finished page 1. Current total database records: 200
2026-06-24 16:46:39,246 [INFO] Fetching page 2 from FBI API...
2026-06-24 16:46:39,572 [INFO] Processing 20 items from page 2...
2026-06-24 16:46:40,500 [WARNING] Failed to download image https://www.fbi.gov/wanted/most-wanted-fraudsters/elaine-angene-escoe/escoe2.jpg: 404 Client Error: Not Found for url: https://www.fbi.gov/wanted/most-wanted-fraudsters/elaine-angene-escoe/escoe2.jpg
2026-06-24 16:46:40,526 [INFO] Finished page 2. Current total database records: 200
2026-06-24 16:46:40,626 [INFO] Fetching page 3 from FBI API...
2026-06-24 16:46:40,664 [INFO] Processing 20 items from page 3...
2026-06-24 16:46:40,947 [INFO] Finished page 3. Current total database records: 200
2026-06-24 16:46:41,048 [INFO] Fetching page 4 from FBI API...
2026-06-24 16:46:41,082 [INFO] Processing 20 items from page 4...
2026-06-24 16:46:41,418 [INFO] Finished page 4. Current total database records: 200
2026-06-24 16:46:41,518 [INFO] Fetching page 5 from FBI API...
2026-06-24 16:46:41,549 [INFO] Processing 20 items from page 5...
2026-06-24 16:46:41,719 [INFO] Finished page 5. Current total database records: 200
2026-06-24 16:46:41,820 [INFO] Fetching page 6 from FBI API...
2026-06-24 16:46:42,141 [INFO] Processing 20 items from page 6...
2026-06-24 16:46:42,307 [INFO] Finished page 6. Current total database records: 200
2026-06-24 16:46:42,408 [INFO] Fetching page 7 from FBI API...
2026-06-24 16:46:42,707 [INFO] Processing 20 items from page 7...
2026-06-24 16:46:42,904 [INFO] Finished page 7. Current total database records: 200
2026-06-24 16:46:43,004 [INFO] Fetching page 8 from FBI API...
2026-06-24 16:46:43,293 [INFO] Processing 20 items from page 8...
2026-06-24 16:46:44,259 [WARNING] Failed to download image https://www.fbi.gov/wanted/seeking-info/tneya-tovar/tovar7.jpg: 404 Client Error: Not Found for url: https://www.fbi.gov/wanted/seeking-info/tneya-tovar/tovar7.jpg
2026-06-24 16:46:45,031 [WARNING] Failed to download image https://www.fbi.gov/wanted/seeking-info/tneya-tovar/tovar5.jpg: 404 Client Error: Not Found for url: https://www.fbi.gov/wanted/seeking-info/tneya-tovar/tovar5.jpg
2026-06-24 16:46:45,872 [WARNING] Failed to download image https://www.fbi.gov/wanted/seeking-info/tneya-tovar/tovar9.jpg: 404 Client Error: Not Found for url: https://www.fbi.gov/wanted/seeking-info/tneya-tovar/tovar9.jpg
2026-06-24 16:46:46,575 [WARNING] Failed to download image https://www.fbi.gov/wanted/seeking-info/tneya-tovar/tovar2.jpg: 404 Client Error: Not Found for url: https://www.fbi.gov/wanted/seeking-info/tneya-tovar/tovar2.jpg
2026-06-24 16:46:48,583 [WARNING] Failed to download image https://www.fbi.gov/wanted/seeking-info/tneya-tovar/tovar3.jpg: 404 Client Error: Not Found for url: https://www.fbi.gov/wanted/seeking-info/tneya-tovar/tovar3.jpg
2026-06-24 16:46:49,265 [WARNING] Failed to download image https://www.fbi.gov/wanted/seeking-info/tneya-tovar/tovar4.jpg: 404 Client Error: Not Found for url: https://www.fbi.gov/wanted/seeking-info/tneya-tovar/tovar4.jpg
2026-06-24 16:46:50,023 [WARNING] Failed to download image https://www.fbi.gov/wanted/seeking-info/tneya-tovar/tovar6.jpg: 404 Client Error: Not Found for url: https://www.fbi.gov/wanted/seeking-info/tneya-tovar/tovar6.jpg
2026-06-24 16:46:50,660 [WARNING] Failed to download image https://www.fbi.gov/wanted/seeking-info/tneya-tovar/tovar8.jpg: 404 Client Error: Not Found for url: https://www.fbi.gov/wanted/seeking-info/tneya-tovar/tovar8.jpg
2026-06-24 16:46:50,777 [INFO] Finished page 8. Current total database records: 200
2026-06-24 16:46:50,878 [INFO] Fetching page 9 from FBI API...
2026-06-24 16:46:51,153 [INFO] Processing 20 items from page 9...
2026-06-24 16:46:51,324 [INFO] Finished page 9. Current total database records: 200
2026-06-24 16:46:51,425 [INFO] Fetching page 10 from FBI API...
2026-06-24 16:46:51,456 [INFO] Processing 20 items from page 10...
2026-06-24 16:46:53,365 [INFO] Finished page 10. Current total database records: 200
2026-06-24 16:46:53,466 [INFO] Fetching page 11 from FBI API...
2026-06-24 16:46:53,502 [INFO] Processing 20 items from page 11...
2026-06-24 16:46:59,873 [INFO] Finished page 11. Current total database records: 220
2026-06-24 16:46:59,974 [INFO] Fetching page 12 from FBI API...
2026-06-24 16:47:00,405 [INFO] Processing 20 items from page 12...
2026-06-24 16:47:09,480 [INFO] Finished page 12. Current total database records: 240
2026-06-24 16:47:09,580 [INFO] Fetching page 13 from FBI API...
2026-06-24 16:47:09,788 [INFO] Processing 20 items from page 13...
2026-06-24 16:47:29,846 [INFO] Finished page 13. Current total database records: 260
2026-06-24 16:47:29,947 [INFO] Fetching page 14 from FBI API...
2026-06-24 16:47:30,154 [INFO] Processing 20 items from page 14...
2026-06-24 16:47:43,179 [INFO] Finished page 14. Current total database records: 280
2026-06-24 16:47:43,280 [INFO] Fetching page 15 from FBI API...
2026-06-24 16:47:43,468 [INFO] Processing 20 items from page 15...
2026-06-24 16:48:06,475 [INFO] Finished page 15. Current total database records: 300
2026-06-24 16:48:06,576 [INFO] Fetching page 16 from FBI API...
2026-06-24 16:48:06,900 [INFO] Processing 20 items from page 16...
2026-06-24 16:48:43,035 [INFO] Finished page 16. Current total database records: 320
2026-06-24 16:48:43,135 [INFO] Fetching page 17 from FBI API...
2026-06-24 16:48:43,343 [INFO] Processing 20 items from page 17...
2026-06-24 16:48:45,954 [WARNING] Failed to download image https://www.fbi.gov/wanted/counterintelligence/ruhollah-bazghandi/bazghandi2.jpg: 404 Client Error: Not Found for url: https://www.fbi.gov/wanted/counterintelligence/ruhollah-bazghandi/bazghandi2.jpg
2026-06-24 16:48:46,308 [WARNING] Failed to download image https://www.fbi.gov/wanted/counterintelligence/ruhollah-bazghandi/bazghandi3.jpg: 404 Client Error: Not Found for url: https://www.fbi.gov/wanted/counterintelligence/ruhollah-bazghandi/bazghandi3.jpg
2026-06-24 16:48:52,041 [INFO] Finished page 17. Current total database records: 340
2026-06-24 16:48:52,142 [INFO] Fetching page 18 from FBI API...
2026-06-24 16:48:52,350 [INFO] Processing 20 items from page 18...
2026-06-24 16:48:53,201 [WARNING] Failed to download image https://www.fbi.gov/wanted/seeking-info/armed-robbery---kansas/topeka2.jpg: 404 Client Error: Not Found for url: https://www.fbi.gov/wanted/seeking-info/armed-robbery---kansas/topeka2.jpg
2026-06-24 16:49:02,267 [WARNING] Failed to download image https://www.fbi.gov/wanted/seeking-info/armed-robbery---kansas/topeka3.jpg: 404 Client Error: Not Found for url: https://www.fbi.gov/wanted/seeking-info/armed-robbery---kansas/topeka3.jpg
2026-06-24 16:49:11,304 [INFO] Finished page 18. Current total database records: 360
2026-06-24 16:49:11,405 [INFO] Fetching page 19 from FBI API...
2026-06-24 16:49:11,603 [INFO] Processing 20 items from page 19...
2026-06-24 16:49:38,856 [INFO] Finished page 19. Current total database records: 380
2026-06-24 16:49:38,957 [INFO] Fetching page 20 from FBI API...
2026-06-24 16:49:39,155 [INFO] Processing 20 items from page 20...
2026-06-24 16:49:47,022 [WARNING] Failed to download image https://www.fbi.gov/wanted/vicap/missing-persons/unknown-suspect----aurora-colorado/photo-2-maroon-nylon-jacket.jpg: 404 Client Error: Not Found for url: https://www.fbi.gov/wanted/vicap/missing-persons/unknown-suspect----aurora-colorado/photo-2-maroon-nylon-jacket.jpg
2026-06-24 16:49:47,791 [WARNING] Failed to download image https://www.fbi.gov/wanted/vicap/missing-persons/unknown-suspect----aurora-colorado/photo-3-light-colored-nylon-jacket.jpg: 404 Client Error: Not Found for url: https://www.fbi.gov/wanted/vicap/missing-persons/unknown-suspect----aurora-colorado/photo-3-light-colored-nylon-jacket.jpg
2026-06-24 16:49:48,168 [WARNING] Failed to download image https://www.fbi.gov/wanted/vicap/missing-persons/unknown-suspect----aurora-colorado/photo-4-necklace.jpg: 404 Client Error: Not Found for url: https://www.fbi.gov/wanted/vicap/missing-persons/unknown-suspect----aurora-colorado/photo-4-necklace.jpg
2026-06-24 16:49:49,955 [WARNING] Failed to download image https://www.fbi.gov/wanted/vicap/missing-persons/unknown-suspect----aurora-colorado/photo-5-dress.jpg: 404 Client Error: Not Found for url: https://www.fbi.gov/wanted/vicap/missing-persons/unknown-suspect----aurora-colorado/photo-5-dress.jpg
2026-06-24 16:49:50,288 [WARNING] Failed to download image https://www.fbi.gov/wanted/vicap/missing-persons/unknown-suspect----aurora-colorado/photo-6-skirt.jpg: 404 Client Error: Not Found for url: https://www.fbi.gov/wanted/vicap/missing-persons/unknown-suspect----aurora-colorado/photo-6-skirt.jpg
2026-06-24 16:49:50,963 [WARNING] Failed to download image https://www.fbi.gov/wanted/vicap/missing-persons/unknown-suspect----aurora-colorado/photo-7-red-patch.jpg: 404 Client Error: Not Found for url: https://www.fbi.gov/wanted/vicap/missing-persons/unknown-suspect----aurora-colorado/photo-7-red-patch.jpg
2026-06-24 16:49:52,904 [WARNING] Failed to download image https://www.fbi.gov/wanted/vicap/missing-persons/unknown-suspect----aurora-colorado/photo-8-brown-blouse.jpg: 404 Client Error: Not Found for url: https://www.fbi.gov/wanted/vicap/missing-persons/unknown-suspect----aurora-colorado/photo-8-brown-blouse.jpg
2026-06-24 16:49:53,532 [WARNING] Failed to download image https://www.fbi.gov/wanted/vicap/missing-persons/unknown-suspect----aurora-colorado/photo-9-swimsuit.jpg: 404 Client Error: Not Found for url: https://www.fbi.gov/wanted/vicap/missing-persons/unknown-suspect----aurora-colorado/photo-9-swimsuit.jpg
2026-06-24 16:49:54,337 [INFO] Finished page 20. Current total database records: 400
2026-06-24 16:49:54,437 [INFO] Fetching page 21 from FBI API...
2026-06-24 16:49:54,647 [INFO] Processing 20 items from page 21...
2026-06-24 16:49:56,094 [WARNING] Failed to download image https://www.fbi.gov/wanted/cyber/qian-chuan/qian-chuan1a.jpg: 404 Client Error: Not Found for url: https://www.fbi.gov/wanted/cyber/qian-chuan/qian-chuan1a.jpg
2026-06-24 16:50:15,448 [INFO] Finished page 21. Current total database records: 420
2026-06-24 16:50:15,549 [INFO] Fetching page 22 from FBI API...
2026-06-24 16:50:15,751 [INFO] Processing 20 items from page 22...
2026-06-24 16:50:26,898 [WARNING] Failed to download image https://www.fbi.gov/wanted/counterintelligence/lei-gao/gao_lei-2.png: 404 Client Error: Not Found for url: https://www.fbi.gov/wanted/counterintelligence/lei-gao/gao_lei-2.png
2026-06-24 16:50:41,600 [INFO] Finished page 22. Current total database records: 440
2026-06-24 16:50:41,703 [INFO] Fetching page 23 from FBI API...
2026-06-24 16:50:41,946 [INFO] Processing 20 items from page 23...
2026-06-24 16:50:52,611 [WARNING] Failed to download image https://www.fbi.gov/wanted/seeking-info/pennsylvania-attempted-armored-truck-robbery/phloomis2.jpg: 404 Client Error: Not Found for url: https://www.fbi.gov/wanted/seeking-info/pennsylvania-attempted-armored-truck-robbery/phloomis2.jpg
2026-06-24 16:50:52,995 [WARNING] Failed to download image https://www.fbi.gov/wanted/seeking-info/pennsylvania-attempted-armored-truck-robbery/phloomis3.jpg: 404 Client Error: Not Found for url: https://www.fbi.gov/wanted/seeking-info/pennsylvania-attempted-armored-truck-robbery/phloomis3.jpg
2026-06-24 16:50:53,340 [WARNING] Failed to download image https://www.fbi.gov/wanted/seeking-info/pennsylvania-attempted-armored-truck-robbery/phloomis4.jpg: 404 Client Error: Not Found for url: https://www.fbi.gov/wanted/seeking-info/pennsylvania-attempted-armored-truck-robbery/phloomis4.jpg
2026-06-24 16:50:53,739 [WARNING] Failed to download image https://www.fbi.gov/wanted/seeking-info/pennsylvania-attempted-armored-truck-robbery/phloomis5.jpg: 404 Client Error: Not Found for url: https://www.fbi.gov/wanted/seeking-info/pennsylvania-attempted-armored-truck-robbery/phloomis5.jpg
2026-06-24 16:50:58,405 [WARNING] Failed to download image https://www.fbi.gov/wanted/seeking-info/vandalism-destruction-and-theft-of-government-property/minneapolisguy1.jpg: 404 Client Error: Not Found for url: https://www.fbi.gov/wanted/seeking-info/vandalism-destruction-and-theft-of-government-property/minneapolisguy1.jpg
2026-06-24 16:51:02,782 [WARNING] Failed to download image https://www.fbi.gov/wanted/seeking-info/vandalism-destruction-and-theft-of-government-property/minneapolisguy3.jpg: 404 Client Error: Not Found for url: https://www.fbi.gov/wanted/seeking-info/vandalism-destruction-and-theft-of-government-property/minneapolisguy3.jpg
2026-06-24 16:51:04,897 [WARNING] Failed to download image https://www.fbi.gov/wanted/seeking-info/vandalism-destruction-and-theft-of-government-property/minneapolisguy4.jpg: 404 Client Error: Not Found for url: https://www.fbi.gov/wanted/seeking-info/vandalism-destruction-and-theft-of-government-property/minneapolisguy4.jpg
2026-06-24 16:51:08,442 [INFO] Finished page 23. Current total database records: 460
2026-06-24 16:51:08,542 [INFO] Fetching page 24 from FBI API...
2026-06-24 16:51:08,754 [INFO] Processing 20 items from page 24...
2026-06-24 16:51:20,394 [WARNING] Failed to download image https://www.fbi.gov/wanted/topten/anibal-alexander-canelon-aguirre/aguirre2023b.jpg: 404 Client Error: Not Found for url: https://www.fbi.gov/wanted/topten/anibal-alexander-canelon-aguirre/aguirre2023b.jpg
2026-06-24 16:51:21,468 [WARNING] Failed to download image https://www.fbi.gov/wanted/topten/anibal-alexander-canelon-aguirre/aguirre2023c.jpg: 404 Client Error: Not Found for url: https://www.fbi.gov/wanted/topten/anibal-alexander-canelon-aguirre/aguirre2023c.jpg
2026-06-24 16:51:21,517 [INFO] Finished page 24. Current total database records: 480
2026-06-24 16:51:21,618 [INFO] Fetching page 25 from FBI API...
2026-06-24 16:51:21,821 [INFO] Processing 20 items from page 25...
2026-06-24 16:51:32,507 [INFO] Finished page 25. Current total database records: 500
2026-06-24 16:51:32,607 [INFO] Fetching page 26 from FBI API...
2026-06-24 16:51:32,810 [INFO] Processing 20 items from page 26...
2026-06-24 16:51:36,625 [INFO] Finished page 26. Current total database records: 520
2026-06-24 16:51:36,725 [INFO] Fetching page 27 from FBI API...
2026-06-24 16:51:36,920 [INFO] Processing 20 items from page 27...
2026-06-24 16:51:40,343 [INFO] Finished page 27. Current total database records: 540
2026-06-24 16:51:40,481 [INFO] Fetching page 28 from FBI API...
2026-06-24 16:51:40,734 [INFO] Processing 20 items from page 28...
2026-06-24 16:51:48,107 [INFO] Finished page 28. Current total database records: 560
2026-06-24 16:51:48,217 [INFO] Fetching page 29 from FBI API...
2026-06-24 16:51:48,424 [INFO] Processing 20 items from page 29...
2026-06-24 16:51:53,720 [INFO] Finished page 29. Current total database records: 580
2026-06-24 16:51:53,821 [INFO] Fetching page 30 from FBI API...
2026-06-24 16:51:54,024 [INFO] Processing 20 items from page 30...
2026-06-24 16:51:59,938 [INFO] Finished page 30. Current total database records: 600
2026-06-24 16:52:00,068 [INFO] Fetching page 31 from FBI API...
2026-06-24 16:52:00,284 [INFO] Processing 20 items from page 31...
2026-06-24 16:52:08,316 [INFO] Finished page 31. Current total database records: 620
2026-06-24 16:52:08,462 [INFO] Fetching page 32 from FBI API...
2026-06-24 16:52:08,811 [INFO] Processing 20 items from page 32...
2026-06-24 16:52:25,962 [INFO] Finished page 32. Current total database records: 640
2026-06-24 16:52:26,077 [INFO] Fetching page 33 from FBI API...
2026-06-24 16:52:26,283 [INFO] Processing 20 items from page 33...
2026-06-24 16:52:27,849 [WARNING] Failed to download image https://www.fbi.gov/wanted/kidnap/the-choc-family/choca.jpg: 404 Client Error: Not Found for url: https://www.fbi.gov/wanted/kidnap/the-choc-family/choca.jpg
2026-06-24 16:52:28,168 [WARNING] Failed to download image https://www.fbi.gov/wanted/seeking-info/maleeka-mollie-boone/boone3.jpg: 404 Client Error: Not Found for url: https://www.fbi.gov/wanted/seeking-info/maleeka-mollie-boone/boone3.jpg
2026-06-24 16:52:28,694 [WARNING] Failed to download image https://www.fbi.gov/wanted/seeking-info/maleeka-mollie-boone/boone2.jpg: 404 Client Error: Not Found for url: https://www.fbi.gov/wanted/seeking-info/maleeka-mollie-boone/boone2.jpg
2026-06-24 16:52:28,725 [WARNING] Failed to download image https://www.fbi.gov/wanted/kidnap/the-choc-family/chocn.jpg: 404 Client Error: Not Found for url: https://www.fbi.gov/wanted/kidnap/the-choc-family/chocn.jpg
2026-06-24 16:52:29,450 [WARNING] Failed to download image https://www.fbi.gov/wanted/kidnap/the-choc-family/chocan.jpg: 404 Client Error: Not Found for url: https://www.fbi.gov/wanted/kidnap/the-choc-family/chocan.jpg
2026-06-24 16:53:02,581 [INFO] Finished page 33. Current total database records: 660
2026-06-24 16:53:02,682 [INFO] Fetching page 34 from FBI API...
2026-06-24 16:53:02,918 [INFO] Processing 20 items from page 34...
2026-06-24 16:53:05,944 [WARNING] Failed to download image https://www.fbi.gov/wanted/seeking-info/civil-disorder-2/civil11.png: 404 Client Error: Not Found for url: https://www.fbi.gov/wanted/seeking-info/civil-disorder-2/civil11.png
2026-06-24 16:53:08,284 [WARNING] Failed to download image https://www.fbi.gov/wanted/seeking-info/civil-disorder-2/civil12.png: 404 Client Error: Not Found for url: https://www.fbi.gov/wanted/seeking-info/civil-disorder-2/civil12.png
2026-06-24 16:53:08,451 [WARNING] Failed to download image https://www.fbi.gov/wanted/kidnap/mahmood-shah-habibi/habibi2a.png: 404 Client Error: Not Found for url: https://www.fbi.gov/wanted/kidnap/mahmood-shah-habibi/habibi2a.png
2026-06-24 16:53:08,609 [WARNING] Failed to download image https://www.fbi.gov/wanted/seeking-info/civil-disorder-2/civil13.png: 404 Client Error: Not Found for url: https://www.fbi.gov/wanted/seeking-info/civil-disorder-2/civil13.png
2026-06-24 16:53:08,844 [WARNING] Failed to download image https://www.fbi.gov/wanted/kidnap/mahmood-shah-habibi/habibi3.jpg: 404 Client Error: Not Found for url: https://www.fbi.gov/wanted/kidnap/mahmood-shah-habibi/habibi3.jpg
2026-06-24 16:53:14,513 [WARNING] Failed to download image https://www.fbi.gov/wanted/seeking-info/civil-disorder-2/civil14.png: 404 Client Error: Not Found for url: https://www.fbi.gov/wanted/seeking-info/civil-disorder-2/civil14.png
2026-06-24 16:53:14,885 [WARNING] Failed to download image https://www.fbi.gov/wanted/seeking-info/civil-disorder-2/civil15.png: 404 Client Error: Not Found for url: https://www.fbi.gov/wanted/seeking-info/civil-disorder-2/civil15.png
2026-06-24 16:53:15,349 [WARNING] Failed to download image https://www.fbi.gov/wanted/seeking-info/civil-disorder-2/civil16.png: 404 Client Error: Not Found for url: https://www.fbi.gov/wanted/seeking-info/civil-disorder-2/civil16.png
2026-06-24 16:53:16,106 [WARNING] Failed to download image https://www.fbi.gov/wanted/seeking-info/civil-disorder-2/civil17.png: 404 Client Error: Not Found for url: https://www.fbi.gov/wanted/seeking-info/civil-disorder-2/civil17.png
2026-06-24 16:53:16,501 [WARNING] Failed to download image https://www.fbi.gov/wanted/seeking-info/civil-disorder-2/civil18.png: 404 Client Error: Not Found for url: https://www.fbi.gov/wanted/seeking-info/civil-disorder-2/civil18.png
2026-06-24 16:53:17,231 [WARNING] Failed to download image https://www.fbi.gov/wanted/seeking-info/civil-disorder-2/civil19.png: 404 Client Error: Not Found for url: https://www.fbi.gov/wanted/seeking-info/civil-disorder-2/civil19.png
2026-06-24 16:53:18,020 [WARNING] Failed to download image https://www.fbi.gov/wanted/seeking-info/civil-disorder-2/civil20.png: 404 Client Error: Not Found for url: https://www.fbi.gov/wanted/seeking-info/civil-disorder-2/civil20.png
2026-06-24 16:53:18,397 [INFO] Finished page 34. Current total database records: 680
2026-06-24 16:53:18,497 [INFO] Fetching page 35 from FBI API...
2026-06-24 16:53:18,715 [INFO] Processing 20 items from page 35...
2026-06-24 16:53:20,630 [WARNING] Failed to download image https://www.fbi.gov/wanted/terrorinfo/kidnappers-of-caitlan-coleman2/unsub1sketch2.jpg: ('Connection broken: IncompleteRead(1048576 bytes read, 1699724 more expected)', IncompleteRead(1048576 bytes read, 1699724 more expected))
2026-06-24 16:53:33,562 [WARNING] Failed to download image https://www.fbi.gov/wanted/seeking-info/civil-unrest-oregon-5/portlandbluemask2.jpg: 404 Client Error: Not Found for url: https://www.fbi.gov/wanted/seeking-info/civil-unrest-oregon-5/portlandbluemask2.jpg
2026-06-24 16:53:36,481 [WARNING] Failed to download image https://www.fbi.gov/wanted/kidnap/paige-natassia-coffey/coffey2.jpg: 404 Client Error: Not Found for url: https://www.fbi.gov/wanted/kidnap/paige-natassia-coffey/coffey2.jpg
2026-06-24 16:53:42,806 [INFO] Finished page 35. Current total database records: 700
2026-06-24 16:53:42,918 [INFO] Fetching page 36 from FBI API...
2026-06-24 16:53:43,137 [INFO] Processing 20 items from page 36...
2026-06-24 16:53:44,445 [WARNING] Failed to download image https://www.fbi.gov/wanted/seeking-info/tyron-marque-colbert/colbert1.png: 404 Client Error: Not Found for url: https://www.fbi.gov/wanted/seeking-info/tyron-marque-colbert/colbert1.png
2026-06-24 16:53:46,715 [WARNING] Failed to download image https://www.fbi.gov/wanted/seeking-info/tyron-marque-colbert/colbert2.png: 404 Client Error: Not Found for url: https://www.fbi.gov/wanted/seeking-info/tyron-marque-colbert/colbert2.png
2026-06-24 16:53:54,286 [INFO] Finished page 36. Current total database records: 720
2026-06-24 16:53:54,386 [INFO] Fetching page 37 from FBI API...
2026-06-24 16:53:54,741 [INFO] Processing 20 items from page 37...
2026-06-24 16:53:55,808 [WARNING] Failed to download image https://www.fbi.gov/wanted/counterintelligence/shaoyun-wang/wang2.jpg: 404 Client Error: Not Found for url: https://www.fbi.gov/wanted/counterintelligence/shaoyun-wang/wang2.jpg
2026-06-24 16:54:02,506 [INFO] Finished page 37. Current total database records: 740
2026-06-24 16:54:02,607 [INFO] Fetching page 38 from FBI API...
2026-06-24 16:54:02,816 [INFO] Processing 20 items from page 38...
2026-06-24 16:54:03,579 [WARNING] Failed to download image https://www.fbi.gov/wanted/terrorinfo/gholamhossein-mohammadnia/mohammadnia2.jpg: 404 Client Error: Not Found for url: https://www.fbi.gov/wanted/terrorinfo/gholamhossein-mohammadnia/mohammadnia2.jpg
2026-06-24 16:54:13,556 [INFO] Finished page 38. Current total database records: 760
2026-06-24 16:54:13,656 [INFO] Fetching page 39 from FBI API...
2026-06-24 16:54:13,875 [INFO] Processing 20 items from page 39...
2026-06-24 16:54:23,887 [INFO] Finished page 39. Current total database records: 780
2026-06-24 16:54:23,988 [INFO] Fetching page 40 from FBI API...
2026-06-24 16:54:24,205 [INFO] Processing 20 items from page 40...
2026-06-24 16:54:35,243 [INFO] Finished page 40. Current total database records: 800
2026-06-24 16:54:35,344 [INFO] Fetching page 41 from FBI API...
2026-06-24 16:54:35,548 [INFO] Processing 20 items from page 41...
2026-06-24 16:54:55,736 [INFO] Finished page 41. Current total database records: 820
2026-06-24 16:54:55,837 [INFO] Fetching page 42 from FBI API...
2026-06-24 16:54:56,037 [INFO] Processing 20 items from page 42...
2026-06-24 16:55:18,048 [INFO] Finished page 42. Current total database records: 840
2026-06-24 16:55:18,149 [INFO] Fetching page 43 from FBI API...
2026-06-24 16:55:18,351 [INFO] Processing 20 items from page 43...
2026-06-24 16:55:41,611 [INFO] Finished page 43. Current total database records: 860
2026-06-24 16:55:41,712 [INFO] Fetching page 44 from FBI API...
2026-06-24 16:55:41,972 [INFO] Processing 20 items from page 44...
2026-06-24 16:55:52,569 [INFO] Finished page 44. Current total database records: 880
2026-06-24 16:55:52,671 [INFO] Fetching page 45 from FBI API...
2026-06-24 16:55:52,879 [INFO] Processing 20 items from page 45...
2026-06-24 16:56:17,167 [INFO] Finished page 45. Current total database records: 900
2026-06-24 16:56:17,268 [INFO] Fetching page 46 from FBI API...
2026-06-24 16:56:17,470 [INFO] Processing 20 items from page 46...
2026-06-24 16:56:31,251 [INFO] Finished page 46. Current total database records: 920
2026-06-24 16:56:31,352 [INFO] Fetching page 47 from FBI API...
2026-06-24 16:56:31,655 [INFO] Processing 20 items from page 47...
2026-06-24 16:56:32,223 [WARNING] Failed to download image https://www.fbi.gov/wanted/seeking-info/arson/arson1.png: 404 Client Error: Not Found for url: https://www.fbi.gov/wanted/seeking-info/arson/arson1.png
2026-06-24 16:56:46,482 [WARNING] Failed to download image https://www.fbi.gov/wanted/seeking-info/arson/arson2.png: 404 Client Error: Not Found for url: https://www.fbi.gov/wanted/seeking-info/arson/arson2.png
2026-06-24 16:56:47,342 [WARNING] Failed to download image https://www.fbi.gov/wanted/seeking-info/arson/arson3.png: 404 Client Error: Not Found for url: https://www.fbi.gov/wanted/seeking-info/arson/arson3.png
2026-06-24 16:56:48,103 [WARNING] Failed to download image https://www.fbi.gov/wanted/seeking-info/arson/arson4.png: 404 Client Error: Not Found for url: https://www.fbi.gov/wanted/seeking-info/arson/arson4.png
2026-06-24 16:56:48,803 [WARNING] Failed to download image https://www.fbi.gov/wanted/seeking-info/arson/arson5.png: 404 Client Error: Not Found for url: https://www.fbi.gov/wanted/seeking-info/arson/arson5.png
2026-06-24 16:56:49,562 [WARNING] Failed to download image https://www.fbi.gov/wanted/seeking-info/arson/arson6.png: 404 Client Error: Not Found for url: https://www.fbi.gov/wanted/seeking-info/arson/arson6.png
2026-06-24 16:56:50,029 [WARNING] Failed to download image https://www.fbi.gov/wanted/seeking-info/arson/arson7.png: 404 Client Error: Not Found for url: https://www.fbi.gov/wanted/seeking-info/arson/arson7.png
2026-06-24 16:56:50,407 [WARNING] Failed to download image https://www.fbi.gov/wanted/seeking-info/arson/arson8.png: 404 Client Error: Not Found for url: https://www.fbi.gov/wanted/seeking-info/arson/arson8.png
2026-06-24 16:57:06,926 [INFO] Finished page 47. Current total database records: 940
2026-06-24 16:57:07,055 [INFO] Fetching page 48 from FBI API...
2026-06-24 16:57:07,303 [INFO] Processing 20 items from page 48...
2026-06-24 16:57:20,953 [INFO] Finished page 48. Current total database records: 960
2026-06-24 16:57:21,054 [INFO] Fetching page 49 from FBI API...
2026-06-24 16:57:21,268 [INFO] Processing 20 items from page 49...
2026-06-24 16:57:22,319 [WARNING] Failed to download image https://www.fbi.gov/wanted/kidnap/bo-young-kim-mickens/mickens1.jpeg: 404 Client Error: Not Found for url: https://www.fbi.gov/wanted/kidnap/bo-young-kim-mickens/mickens1.jpeg
2026-06-24 16:57:22,830 [WARNING] Failed to download image https://www.fbi.gov/wanted/kidnap/bo-young-kim-mickens/mickens2.jpeg: 404 Client Error: Not Found for url: https://www.fbi.gov/wanted/kidnap/bo-young-kim-mickens/mickens2.jpeg
2026-06-24 16:57:24,376 [WARNING] Failed to download image https://www.fbi.gov/wanted/kidnap/bo-young-kim-mickens/mickens3.jpeg: 404 Client Error: Not Found for url: https://www.fbi.gov/wanted/kidnap/bo-young-kim-mickens/mickens3.jpeg
2026-06-24 16:57:26,495 [INFO] Finished page 49. Current total database records: 980
2026-06-24 16:57:26,596 [INFO] Fetching page 50 from FBI API...
2026-06-24 16:57:26,798 [INFO] Processing 20 items from page 50...
2026-06-24 16:57:41,668 [INFO] Finished page 50. Current total database records: 1000
2026-06-24 16:57:41,769 [INFO] Fetching page 51 from FBI API...
2026-06-24 16:57:41,999 [INFO] Processing 20 items from page 51...
2026-06-24 16:57:59,092 [INFO] Finished page 51. Current total database records: 1020
2026-06-24 16:57:59,193 [INFO] Fetching page 52 from FBI API...
2026-06-24 16:57:59,408 [INFO] Processing 20 items from page 52...
2026-06-24 16:58:10,876 [INFO] Finished page 52. Current total database records: 1040
2026-06-24 16:58:10,976 [INFO] Fetching page 53 from FBI API...
2026-06-24 16:58:11,205 [INFO] Processing 20 items from page 53...
2026-06-24 16:58:29,926 [INFO] Finished page 53. Current total database records: 1060
2026-06-24 16:58:30,028 [INFO] Fetching page 54 from FBI API...
2026-06-24 16:58:30,239 [INFO] Processing 20 items from page 54...
2026-06-24 16:58:43,081 [INFO] Finished page 54. Current total database records: 1080
2026-06-24 16:58:43,181 [INFO] Fetching page 55 from FBI API...
2026-06-24 16:58:43,404 [INFO] Processing 20 items from page 55...
2026-06-24 16:59:05,484 [INFO] Finished page 55. Current total database records: 1100
2026-06-24 16:59:05,585 [INFO] Fetching page 56 from FBI API...
2026-06-24 16:59:05,802 [INFO] Processing 20 items from page 56...
2026-06-24 16:59:13,759 [INFO] Finished page 56. Current total database records: 1120
2026-06-24 16:59:13,859 [INFO] Fetching page 57 from FBI API...
2026-06-24 16:59:14,062 [INFO] Processing 20 items from page 57...
2026-06-24 16:59:36,269 [INFO] Finished page 57. Current total database records: 1140
2026-06-24 16:59:36,371 [INFO] Fetching page 58 from FBI API...
2026-06-24 16:59:36,573 [INFO] Processing 20 items from page 58...
2026-06-24 16:59:44,007 [INFO] Finished page 58. Current total database records: 1160
2026-06-24 16:59:44,108 [INFO] Fetching page 59 from FBI API...
2026-06-24 16:59:44,311 [INFO] Processing 20 items from page 59...
2026-06-24 16:59:45,409 [WARNING] Failed to download image https://www.fbi.gov/wanted/vicap/homicides-and-sexual-assaults/toussaint-gonsalves---south-boston-massachusetts/gonsalves2.jpg: 404 Client Error: Not Found for url: https://www.fbi.gov/wanted/vicap/homicides-and-sexual-assaults/toussaint-gonsalves---south-boston-massachusetts/gonsalves2.jpg
2026-06-24 16:59:49,883 [INFO] Finished page 59. Current total database records: 1180
2026-06-24 16:59:49,983 [INFO] Fetching page 60 from FBI API...
2026-06-24 16:59:50,218 [INFO] Processing 11 items from page 60...
2026-06-24 16:59:57,441 [INFO] Finished page 60. Current total database records: 1191
2026-06-24 16:59:57,542 [INFO] Fetching page 61 from FBI API...
2026-06-24 16:59:57,747 [INFO] No items returned on this page. Reached the end.
2026-06-24 16:59:57,747 [INFO] ========================================
2026-06-24 16:59:57,747 [INFO] Scraping Process Completed!
2026-06-24 16:59:57,748 [INFO] Total processed records in this run: 1191
2026-06-24 16:59:57,748 [INFO] Skipped records (already fully scraped): 200
2026-06-24 16:59:57,748 [INFO] Newly downloaded images: 2367
2026-06-24 16:59:57,748 [INFO] Total records in dataset: 1191
2026-06-24 16:59:57,748 [INFO] Metadata file updated at: data/fbi_criminals\metadata.json
2026-06-24 16:59:57,749 [INFO] ========================================
